<?xml version="1.0" encoding="UTF-8"?>
<!-- Generated by org.testng.reporters.JUnitXMLReporter -->
<testsuite hostname="DESKTOP-5T2DAVB" ignored="0" name="Default test" tests="10" failures="0" timestamp="2022-05-02T11:38:44 IST" time="0.154" errors="0">
  <testcase name="param1" time="0.026" classname="day11.testNGsamples.Example_param1"/>
  <testcase name="param1" time="0.0" classname="day11.testNGsamples.Example_param1"/>
  <testcase name="param1" time="0.0" classname="day11.testNGsamples.Example_param1"/>
  <testcase name="param1" time="0.0" classname="day11.testNGsamples.Example_param1"/>
  <testcase name="param1" time="0.0" classname="day11.testNGsamples.Example_param1"/>
  <testcase name="param1" time="0.0" classname="day11.testNGsamples.Example_param1"/>
  <testcase name="param1" time="0.0" classname="day11.testNGsamples.Example_param1"/>
  <testcase name="param1" time="0.0" classname="day11.testNGsamples.Example_param1"/>
  <testcase name="param1" time="0.0" classname="day11.testNGsamples.Example_param1"/>
  <testcase name="param1" time="0.016" classname="day11.testNGsamples.Example_param1"/>
</testsuite> <!-- Default test -->
