<?xml version="1.0" encoding="UTF-8"?>
<testng-results skipped="0" failed="0" ignored="0" total="10" passed="10">
  <reporter-output>
  </reporter-output>
  <suite name="Default suite" duration-ms="154" started-at="2022-05-02T11:38:44 IST" finished-at="2022-05-02T11:38:44 IST">
    <groups>
    </groups>
    <test name="Default test" duration-ms="154" started-at="2022-05-02T11:38:44 IST" finished-at="2022-05-02T11:38:44 IST">
      <class name="day11.testNGsamples.Example_param1">
        <test-method status="PASS" signature="param1()[pri:0, instance:day11.testNGsamples.Example_param1@536aaa8d]" name="param1" duration-ms="26" started-at="2022-05-02T11:38:44 IST" finished-at="2022-05-02T11:38:44 IST">
          <reporter-output>
          </reporter-output>
        </test-method> <!-- param1 -->
        <test-method status="PASS" signature="param1()[pri:0, instance:day11.testNGsamples.Example_param1@536aaa8d]" name="param1" duration-ms="0" started-at="2022-05-02T11:38:44 IST" finished-at="2022-05-02T11:38:44 IST">
          <reporter-output>
          </reporter-output>
        </test-method> <!-- param1 -->
        <test-method status="PASS" signature="param1()[pri:0, instance:day11.testNGsamples.Example_param1@536aaa8d]" name="param1" duration-ms="0" started-at="2022-05-02T11:38:44 IST" finished-at="2022-05-02T11:38:44 IST">
          <reporter-output>
          </reporter-output>
        </test-method> <!-- param1 -->
        <test-method status="PASS" signature="param1()[pri:0, instance:day11.testNGsamples.Example_param1@536aaa8d]" name="param1" duration-ms="0" started-at="2022-05-02T11:38:44 IST" finished-at="2022-05-02T11:38:44 IST">
          <reporter-output>
          </reporter-output>
        </test-method> <!-- param1 -->
        <test-method status="PASS" signature="param1()[pri:0, instance:day11.testNGsamples.Example_param1@536aaa8d]" name="param1" duration-ms="0" started-at="2022-05-02T11:38:44 IST" finished-at="2022-05-02T11:38:44 IST">
          <reporter-output>
          </reporter-output>
        </test-method> <!-- param1 -->
        <test-method status="PASS" signature="param1()[pri:0, instance:day11.testNGsamples.Example_param1@536aaa8d]" name="param1" duration-ms="0" started-at="2022-05-02T11:38:44 IST" finished-at="2022-05-02T11:38:44 IST">
          <reporter-output>
          </reporter-output>
        </test-method> <!-- param1 -->
        <test-method status="PASS" signature="param1()[pri:0, instance:day11.testNGsamples.Example_param1@536aaa8d]" name="param1" duration-ms="0" started-at="2022-05-02T11:38:44 IST" finished-at="2022-05-02T11:38:44 IST">
          <reporter-output>
          </reporter-output>
        </test-method> <!-- param1 -->
        <test-method status="PASS" signature="param1()[pri:0, instance:day11.testNGsamples.Example_param1@536aaa8d]" name="param1" duration-ms="16" started-at="2022-05-02T11:38:44 IST" finished-at="2022-05-02T11:38:44 IST">
          <reporter-output>
          </reporter-output>
        </test-method> <!-- param1 -->
        <test-method status="PASS" signature="param1()[pri:0, instance:day11.testNGsamples.Example_param1@536aaa8d]" name="param1" duration-ms="0" started-at="2022-05-02T11:38:44 IST" finished-at="2022-05-02T11:38:44 IST">
          <reporter-output>
          </reporter-output>
        </test-method> <!-- param1 -->
        <test-method status="PASS" signature="param1()[pri:0, instance:day11.testNGsamples.Example_param1@536aaa8d]" name="param1" duration-ms="0" started-at="2022-05-02T11:38:44 IST" finished-at="2022-05-02T11:38:44 IST">
          <reporter-output>
          </reporter-output>
        </test-method> <!-- param1 -->
      </class> <!-- day11.testNGsamples.Example_param1 -->
    </test> <!-- Default test -->
  </suite> <!-- Default suite -->
</testng-results>
